E:\selvi .net core\FundooNotes (1)\FundooNotes\ASPNETCoreUserIdentity\Fundoo\dist\out-tsc\src\app\app.component.js
E:\selvi .net core\FundooNotes (1)\FundooNotes\ASPNETCoreUserIdentity\Fundoo\dist\out-tsc\src\app\app.component.js.map
E:\selvi .net core\FundooNotes (1)\FundooNotes\ASPNETCoreUserIdentity\Fundoo\dist\out-tsc\src\app\constant\constants.services.js
E:\selvi .net core\FundooNotes (1)\FundooNotes\ASPNETCoreUserIdentity\Fundoo\dist\out-tsc\src\app\constant\constants.services.js.map
E:\selvi .net core\FundooNotes (1)\FundooNotes\ASPNETCoreUserIdentity\Fundoo\dist\out-tsc\src\app\services\AccountService.js
E:\selvi .net core\FundooNotes (1)\FundooNotes\ASPNETCoreUserIdentity\Fundoo\dist\out-tsc\src\app\services\AccountService.js.map
E:\selvi .net core\FundooNotes (1)\FundooNotes\ASPNETCoreUserIdentity\Fundoo\dist\out-tsc\src\app\register\register.component.js
E:\selvi .net core\FundooNotes (1)\FundooNotes\ASPNETCoreUserIdentity\Fundoo\dist\out-tsc\src\app\register\register.component.js.map
E:\selvi .net core\FundooNotes (1)\FundooNotes\ASPNETCoreUserIdentity\Fundoo\dist\out-tsc\src\app\services\notes.service.js
E:\selvi .net core\FundooNotes (1)\FundooNotes\ASPNETCoreUserIdentity\Fundoo\dist\out-tsc\src\app\services\notes.service.js.map
E:\selvi .net core\FundooNotes (1)\FundooNotes\ASPNETCoreUserIdentity\Fundoo\dist\out-tsc\src\app\login\login.component.js
E:\selvi .net core\FundooNotes (1)\FundooNotes\ASPNETCoreUserIdentity\Fundoo\dist\out-tsc\src\app\login\login.component.js.map
E:\selvi .net core\FundooNotes (1)\FundooNotes\ASPNETCoreUserIdentity\Fundoo\dist\out-tsc\src\app\forgotpwd\forgotpwd.component.js
E:\selvi .net core\FundooNotes (1)\FundooNotes\ASPNETCoreUserIdentity\Fundoo\dist\out-tsc\src\app\forgotpwd\forgotpwd.component.js.map
E:\selvi .net core\FundooNotes (1)\FundooNotes\ASPNETCoreUserIdentity\Fundoo\dist\out-tsc\src\app\resetpassword\resetpassword.component.js
E:\selvi .net core\FundooNotes (1)\FundooNotes\ASPNETCoreUserIdentity\Fundoo\dist\out-tsc\src\app\resetpassword\resetpassword.component.js.map
E:\selvi .net core\FundooNotes (1)\FundooNotes\ASPNETCoreUserIdentity\Fundoo\dist\out-tsc\src\app\editdialogbox\editdialogbox.component.js
E:\selvi .net core\FundooNotes (1)\FundooNotes\ASPNETCoreUserIdentity\Fundoo\dist\out-tsc\src\app\editdialogbox\editdialogbox.component.js.map
E:\selvi .net core\FundooNotes (1)\FundooNotes\ASPNETCoreUserIdentity\Fundoo\dist\out-tsc\src\app\services\view.service.js
E:\selvi .net core\FundooNotes (1)\FundooNotes\ASPNETCoreUserIdentity\Fundoo\dist\out-tsc\src\app\services\view.service.js.map
E:\selvi .net core\FundooNotes (1)\FundooNotes\ASPNETCoreUserIdentity\Fundoo\dist\out-tsc\src\app\fundoo\fundoo.component.js
E:\selvi .net core\FundooNotes (1)\FundooNotes\ASPNETCoreUserIdentity\Fundoo\dist\out-tsc\src\app\fundoo\fundoo.component.js.map
E:\selvi .net core\FundooNotes (1)\FundooNotes\ASPNETCoreUserIdentity\Fundoo\dist\out-tsc\src\app\collaborator\collaborator.component.js
E:\selvi .net core\FundooNotes (1)\FundooNotes\ASPNETCoreUserIdentity\Fundoo\dist\out-tsc\src\app\collaborator\collaborator.component.js.map
E:\selvi .net core\FundooNotes (1)\FundooNotes\ASPNETCoreUserIdentity\Fundoo\dist\out-tsc\src\app\notes\notes.component.js
E:\selvi .net core\FundooNotes (1)\FundooNotes\ASPNETCoreUserIdentity\Fundoo\dist\out-tsc\src\app\notes\notes.component.js.map
E:\selvi .net core\FundooNotes (1)\FundooNotes\ASPNETCoreUserIdentity\Fundoo\dist\out-tsc\src\app\notedialog\notedialog.component.js
E:\selvi .net core\FundooNotes (1)\FundooNotes\ASPNETCoreUserIdentity\Fundoo\dist\out-tsc\src\app\notedialog\notedialog.component.js.map
E:\selvi .net core\FundooNotes (1)\FundooNotes\ASPNETCoreUserIdentity\Fundoo\dist\out-tsc\src\app\archive\archive.component.js
E:\selvi .net core\FundooNotes (1)\FundooNotes\ASPNETCoreUserIdentity\Fundoo\dist\out-tsc\src\app\archive\archive.component.js.map
E:\selvi .net core\FundooNotes (1)\FundooNotes\ASPNETCoreUserIdentity\Fundoo\dist\out-tsc\src\app\remainders\remainders.component.js
E:\selvi .net core\FundooNotes (1)\FundooNotes\ASPNETCoreUserIdentity\Fundoo\dist\out-tsc\src\app\remainders\remainders.component.js.map
E:\selvi .net core\FundooNotes (1)\FundooNotes\ASPNETCoreUserIdentity\Fundoo\dist\out-tsc\src\app\trash\trash.component.js
E:\selvi .net core\FundooNotes (1)\FundooNotes\ASPNETCoreUserIdentity\Fundoo\dist\out-tsc\src\app\trash\trash.component.js.map
E:\selvi .net core\FundooNotes (1)\FundooNotes\ASPNETCoreUserIdentity\Fundoo\dist\out-tsc\src\app\label\label.component.js
E:\selvi .net core\FundooNotes (1)\FundooNotes\ASPNETCoreUserIdentity\Fundoo\dist\out-tsc\src\app\label\label.component.js.map
E:\selvi .net core\FundooNotes (1)\FundooNotes\ASPNETCoreUserIdentity\Fundoo\dist\out-tsc\src\app\app-routing.module.js
E:\selvi .net core\FundooNotes (1)\FundooNotes\ASPNETCoreUserIdentity\Fundoo\dist\out-tsc\src\app\app-routing.module.js.map
E:\selvi .net core\FundooNotes (1)\FundooNotes\ASPNETCoreUserIdentity\Fundoo\dist\out-tsc\src\app\app.module.js
E:\selvi .net core\FundooNotes (1)\FundooNotes\ASPNETCoreUserIdentity\Fundoo\dist\out-tsc\src\app\app.module.js.map
E:\selvi .net core\FundooNotes (1)\FundooNotes\ASPNETCoreUserIdentity\Fundoo\dist\out-tsc\src\environments\environment.js
E:\selvi .net core\FundooNotes (1)\FundooNotes\ASPNETCoreUserIdentity\Fundoo\dist\out-tsc\src\environments\environment.js.map
E:\selvi .net core\FundooNotes (1)\FundooNotes\ASPNETCoreUserIdentity\Fundoo\dist\out-tsc\src\main.js
E:\selvi .net core\FundooNotes (1)\FundooNotes\ASPNETCoreUserIdentity\Fundoo\dist\out-tsc\src\main.js.map
E:\selvi .net core\FundooNotes (1)\FundooNotes\ASPNETCoreUserIdentity\Fundoo\dist\out-tsc\src\polyfills.js
E:\selvi .net core\FundooNotes (1)\FundooNotes\ASPNETCoreUserIdentity\Fundoo\dist\out-tsc\src\polyfills.js.map
E:\selvi .net core\FundooNotes (1)\FundooNotes\ASPNETCoreUserIdentity\Fundoo\dist\out-tsc\src\test.js
E:\selvi .net core\FundooNotes (1)\FundooNotes\ASPNETCoreUserIdentity\Fundoo\dist\out-tsc\src\test.js.map
E:\selvi .net core\FundooNotes (1)\FundooNotes\ASPNETCoreUserIdentity\Fundoo\dist\out-tsc\e2e\src\app.po.js
E:\selvi .net core\FundooNotes (1)\FundooNotes\ASPNETCoreUserIdentity\Fundoo\dist\out-tsc\e2e\src\app.po.js.map
E:\selvi .net core\FundooNotes (1)\FundooNotes\ASPNETCoreUserIdentity\Fundoo\dist\out-tsc\e2e\src\app.e2e-spec.js
E:\selvi .net core\FundooNotes (1)\FundooNotes\ASPNETCoreUserIdentity\Fundoo\dist\out-tsc\e2e\src\app.e2e-spec.js.map
E:\selvi .net core\FundooNotes (1)\FundooNotes\ASPNETCoreUserIdentity\Fundoo\dist\out-tsc\src\app\app-routing.module.spec.js
E:\selvi .net core\FundooNotes (1)\FundooNotes\ASPNETCoreUserIdentity\Fundoo\dist\out-tsc\src\app\app-routing.module.spec.js.map
E:\selvi .net core\FundooNotes (1)\FundooNotes\ASPNETCoreUserIdentity\Fundoo\dist\out-tsc\src\app\app.component.spec.js
E:\selvi .net core\FundooNotes (1)\FundooNotes\ASPNETCoreUserIdentity\Fundoo\dist\out-tsc\src\app\app.component.spec.js.map
E:\selvi .net core\FundooNotes (1)\FundooNotes\ASPNETCoreUserIdentity\Fundoo\dist\out-tsc\src\app\test.service.js
E:\selvi .net core\FundooNotes (1)\FundooNotes\ASPNETCoreUserIdentity\Fundoo\dist\out-tsc\src\app\test.service.js.map
E:\selvi .net core\FundooNotes (1)\FundooNotes\ASPNETCoreUserIdentity\Fundoo\dist\out-tsc\src\app\test.service.spec.js
E:\selvi .net core\FundooNotes (1)\FundooNotes\ASPNETCoreUserIdentity\Fundoo\dist\out-tsc\src\app\test.service.spec.js.map
E:\selvi .net core\FundooNotes (1)\FundooNotes\ASPNETCoreUserIdentity\Fundoo\dist\out-tsc\src\environments\environment.prod.js
E:\selvi .net core\FundooNotes (1)\FundooNotes\ASPNETCoreUserIdentity\Fundoo\dist\out-tsc\src\environments\environment.prod.js.map
E:\selvi .net core\FundooNotes (1)\FundooNotes\ASPNETCoreUserIdentity\Fundoo\dist\out-tsc\src\app\archive\archive.component.spec.js
E:\selvi .net core\FundooNotes (1)\FundooNotes\ASPNETCoreUserIdentity\Fundoo\dist\out-tsc\src\app\archive\archive.component.spec.js.map
E:\selvi .net core\FundooNotes (1)\FundooNotes\ASPNETCoreUserIdentity\Fundoo\dist\out-tsc\src\app\collaborator\collaborator.component.spec.js
E:\selvi .net core\FundooNotes (1)\FundooNotes\ASPNETCoreUserIdentity\Fundoo\dist\out-tsc\src\app\collaborator\collaborator.component.spec.js.map
E:\selvi .net core\FundooNotes (1)\FundooNotes\ASPNETCoreUserIdentity\Fundoo\dist\out-tsc\src\app\editdialogbox\editdialogbox.component.spec.js
E:\selvi .net core\FundooNotes (1)\FundooNotes\ASPNETCoreUserIdentity\Fundoo\dist\out-tsc\src\app\editdialogbox\editdialogbox.component.spec.js.map
E:\selvi .net core\FundooNotes (1)\FundooNotes\ASPNETCoreUserIdentity\Fundoo\dist\out-tsc\src\app\forgotpwd\forgotpwd.component.spec.js
E:\selvi .net core\FundooNotes (1)\FundooNotes\ASPNETCoreUserIdentity\Fundoo\dist\out-tsc\src\app\forgotpwd\forgotpwd.component.spec.js.map
E:\selvi .net core\FundooNotes (1)\FundooNotes\ASPNETCoreUserIdentity\Fundoo\dist\out-tsc\src\app\fundoo\fundoo.component.spec.js
E:\selvi .net core\FundooNotes (1)\FundooNotes\ASPNETCoreUserIdentity\Fundoo\dist\out-tsc\src\app\fundoo\fundoo.component.spec.js.map
E:\selvi .net core\FundooNotes (1)\FundooNotes\ASPNETCoreUserIdentity\Fundoo\dist\out-tsc\src\app\label\label.component.spec.js
E:\selvi .net core\FundooNotes (1)\FundooNotes\ASPNETCoreUserIdentity\Fundoo\dist\out-tsc\src\app\label\label.component.spec.js.map
E:\selvi .net core\FundooNotes (1)\FundooNotes\ASPNETCoreUserIdentity\Fundoo\dist\out-tsc\src\app\login\login.component.spec.js
E:\selvi .net core\FundooNotes (1)\FundooNotes\ASPNETCoreUserIdentity\Fundoo\dist\out-tsc\src\app\login\login.component.spec.js.map
E:\selvi .net core\FundooNotes (1)\FundooNotes\ASPNETCoreUserIdentity\Fundoo\dist\out-tsc\src\app\notedialog\notedialog.component.spec.js
E:\selvi .net core\FundooNotes (1)\FundooNotes\ASPNETCoreUserIdentity\Fundoo\dist\out-tsc\src\app\notedialog\notedialog.component.spec.js.map
E:\selvi .net core\FundooNotes (1)\FundooNotes\ASPNETCoreUserIdentity\Fundoo\dist\out-tsc\src\app\notes\notes.component.spec.js
E:\selvi .net core\FundooNotes (1)\FundooNotes\ASPNETCoreUserIdentity\Fundoo\dist\out-tsc\src\app\notes\notes.component.spec.js.map
E:\selvi .net core\FundooNotes (1)\FundooNotes\ASPNETCoreUserIdentity\Fundoo\dist\out-tsc\src\app\register\register.component.spec.js
E:\selvi .net core\FundooNotes (1)\FundooNotes\ASPNETCoreUserIdentity\Fundoo\dist\out-tsc\src\app\register\register.component.spec.js.map
E:\selvi .net core\FundooNotes (1)\FundooNotes\ASPNETCoreUserIdentity\Fundoo\dist\out-tsc\src\app\remainders\remainders.component.spec.js
E:\selvi .net core\FundooNotes (1)\FundooNotes\ASPNETCoreUserIdentity\Fundoo\dist\out-tsc\src\app\remainders\remainders.component.spec.js.map
E:\selvi .net core\FundooNotes (1)\FundooNotes\ASPNETCoreUserIdentity\Fundoo\dist\out-tsc\src\app\resetpassword\resetpassword.component.spec.js
E:\selvi .net core\FundooNotes (1)\FundooNotes\ASPNETCoreUserIdentity\Fundoo\dist\out-tsc\src\app\resetpassword\resetpassword.component.spec.js.map
E:\selvi .net core\FundooNotes (1)\FundooNotes\ASPNETCoreUserIdentity\Fundoo\dist\out-tsc\src\app\services\view.service.spec.js
E:\selvi .net core\FundooNotes (1)\FundooNotes\ASPNETCoreUserIdentity\Fundoo\dist\out-tsc\src\app\services\view.service.spec.js.map
E:\selvi .net core\FundooNotes (1)\FundooNotes\ASPNETCoreUserIdentity\Fundoo\dist\out-tsc\src\app\trash\trash.component.spec.js
E:\selvi .net core\FundooNotes (1)\FundooNotes\ASPNETCoreUserIdentity\Fundoo\dist\out-tsc\src\app\trash\trash.component.spec.js.map
